Mar 07, 2017 3:47:19 PM org.apache.catalina.core.AprLifecycleListener init
INFO: Loaded APR based Apache Tomcat Native library 1.1.29 using APR version 1.4.8.
Mar 07, 2017 3:47:19 PM org.apache.catalina.core.AprLifecycleListener init
INFO: APR capabilities: IPv6 [true], sendfile [true], accept filters [false], random [true].
Mar 07, 2017 3:47:21 PM org.apache.catalina.core.AprLifecycleListener initializeSSL
INFO: OpenSSL successfully initialized (OpenSSL 1.0.1e 11 Feb 2013)
Mar 07, 2017 3:47:21 PM org.apache.coyote.AbstractProtocol init
INFO: Initializing ProtocolHandler ["http-apr-8123"]
Mar 07, 2017 3:47:21 PM org.apache.coyote.AbstractProtocol init
INFO: Initializing ProtocolHandler ["ajp-apr-8009"]
Mar 07, 2017 3:47:21 PM org.apache.catalina.startup.Catalina load
INFO: Initialization processed in 3007 ms
Mar 07, 2017 3:47:21 PM org.apache.catalina.core.StandardService startInternal
INFO: Starting service Catalina
Mar 07, 2017 3:47:21 PM org.apache.catalina.core.StandardEngine startInternal
INFO: Starting Servlet Engine: Apache Tomcat/7.0.52
Mar 07, 2017 3:47:21 PM org.apache.catalina.startup.HostConfig deployDirectory
INFO: Deploying web application directory H:\var\gist\8100\Mod4\apache-tomcat-7.0.52\webapps\ROOT
Mar 07, 2017 3:47:22 PM org.apache.catalina.util.SessionIdGenerator createSecureRandom
INFO: Creation of SecureRandom instance for session ID generation using [SHA1PRNG] took [113] milliseconds.
Mar 07, 2017 3:47:22 PM org.apache.catalina.startup.HostConfig deployDirectory
INFO: Deploying web application directory H:\var\gist\8100\Mod4\apache-tomcat-7.0.52\webapps\docs
Mar 07, 2017 3:47:22 PM org.apache.catalina.startup.HostConfig deployDirectory
INFO: Deploying web application directory H:\var\gist\8100\Mod4\apache-tomcat-7.0.52\webapps\examples
Mar 07, 2017 3:47:28 PM org.apache.catalina.startup.HostConfig deployDirectory
INFO: Deploying web application directory H:\var\gist\8100\Mod4\apache-tomcat-7.0.52\webapps\host-manager
Mar 07, 2017 3:47:28 PM org.apache.catalina.startup.HostConfig deployDirectory
INFO: Deploying web application directory H:\var\gist\8100\Mod4\apache-tomcat-7.0.52\webapps\manager
Mar 07, 2017 3:47:28 PM org.apache.coyote.AbstractProtocol start
INFO: Starting ProtocolHandler ["http-apr-8123"]
Mar 07, 2017 3:47:28 PM org.apache.coyote.AbstractProtocol start
INFO: Starting ProtocolHandler ["ajp-apr-8009"]
Mar 07, 2017 3:47:28 PM org.apache.catalina.startup.Catalina start
INFO: Server startup in 7484 ms
Mar 07, 2017 3:47:29 PM org.apache.catalina.startup.HostConfig deployDescriptor
INFO: Deploying configuration descriptor H:\var\gist\8100\Mod4\apache-tomcat-7.0.52\conf\Catalina\localhost\mod4app.xml
Mar 07, 2017 3:47:29 PM org.apache.catalina.util.LifecycleBase start
INFO: The start() method was called on component [StandardEngine[Catalina].StandardHost[localhost].StandardContext[/mod4app]] after start() had already been called. The second call will be ignored.
Mar 07, 2017 7:04:44 PM org.apache.catalina.core.AprLifecycleListener init
INFO: Loaded APR based Apache Tomcat Native library 1.1.29 using APR version 1.4.8.
Mar 07, 2017 7:04:44 PM org.apache.catalina.core.AprLifecycleListener init
INFO: APR capabilities: IPv6 [true], sendfile [true], accept filters [false], random [true].
Mar 07, 2017 7:04:45 PM org.apache.catalina.core.AprLifecycleListener initializeSSL
INFO: OpenSSL successfully initialized (OpenSSL 1.0.1e 11 Feb 2013)
Mar 07, 2017 7:04:46 PM org.apache.coyote.AbstractProtocol init
INFO: Initializing ProtocolHandler ["http-apr-8123"]
Mar 07, 2017 7:04:46 PM org.apache.coyote.AbstractProtocol init
INFO: Initializing ProtocolHandler ["ajp-apr-8009"]
Mar 07, 2017 7:04:46 PM org.apache.catalina.startup.Catalina load
INFO: Initialization processed in 2174 ms
Mar 07, 2017 7:04:46 PM org.apache.catalina.core.StandardService startInternal
INFO: Starting service Catalina
Mar 07, 2017 7:04:46 PM org.apache.catalina.core.StandardEngine startInternal
INFO: Starting Servlet Engine: Apache Tomcat/7.0.52
Mar 07, 2017 7:04:46 PM org.apache.catalina.startup.HostConfig deployDescriptor
INFO: Deploying configuration descriptor H:\var\gist\8100\Mod4\apache-tomcat-7.0.52\conf\Catalina\localhost\mod4app.xml
Mar 07, 2017 7:04:47 PM org.apache.catalina.startup.HostConfig deployDirectory
INFO: Deploying web application directory H:\var\gist\8100\Mod4\apache-tomcat-7.0.52\webapps\ROOT
Mar 07, 2017 7:04:47 PM org.apache.catalina.startup.HostConfig deployDirectory
INFO: Deploying web application directory H:\var\gist\8100\Mod4\apache-tomcat-7.0.52\webapps\docs
Mar 07, 2017 7:04:47 PM org.apache.catalina.startup.HostConfig deployDirectory
INFO: Deploying web application directory H:\var\gist\8100\Mod4\apache-tomcat-7.0.52\webapps\examples
Mar 07, 2017 7:04:49 PM org.apache.catalina.startup.HostConfig deployDirectory
INFO: Deploying web application directory H:\var\gist\8100\Mod4\apache-tomcat-7.0.52\webapps\host-manager
Mar 07, 2017 7:04:49 PM org.apache.catalina.startup.HostConfig deployDirectory
INFO: Deploying web application directory H:\var\gist\8100\Mod4\apache-tomcat-7.0.52\webapps\manager
Mar 07, 2017 7:04:49 PM org.apache.coyote.AbstractProtocol start
INFO: Starting ProtocolHandler ["http-apr-8123"]
Mar 07, 2017 7:04:49 PM org.apache.coyote.AbstractProtocol start
INFO: Starting ProtocolHandler ["ajp-apr-8009"]
Mar 07, 2017 7:04:49 PM org.apache.catalina.startup.Catalina start
INFO: Server startup in 3760 ms
Mar 07, 2017 7:04:51 PM org.apache.catalina.startup.HostConfig undeploy
INFO: Undeploying context [/mod4app]
Mar 07, 2017 7:04:51 PM org.apache.catalina.startup.HostConfig deployDescriptor
INFO: Deploying configuration descriptor H:\var\gist\8100\Mod4\apache-tomcat-7.0.52\conf\Catalina\localhost\mod4app.xml
Mar 07, 2017 7:04:52 PM org.apache.catalina.util.LifecycleBase start
INFO: The start() method was called on component [StandardEngine[Catalina].StandardHost[localhost].StandardContext[/mod4app]] after start() had already been called. The second call will be ignored.
Mar 07, 2017 8:35:32 PM org.apache.catalina.core.StandardServer await
INFO: A valid shutdown command was received via the shutdown port. Stopping the Server instance.
Mar 07, 2017 8:35:32 PM org.apache.coyote.AbstractProtocol pause
INFO: Pausing ProtocolHandler ["http-apr-8123"]
Mar 07, 2017 8:35:32 PM org.apache.coyote.AbstractProtocol pause
INFO: Pausing ProtocolHandler ["ajp-apr-8009"]
Mar 07, 2017 8:35:32 PM org.apache.catalina.core.StandardService stopInternal
INFO: Stopping service Catalina
Mar 07, 2017 8:35:32 PM org.apache.coyote.AbstractProtocol stop
INFO: Stopping ProtocolHandler ["http-apr-8123"]
Mar 07, 2017 8:35:32 PM org.apache.coyote.AbstractProtocol stop
INFO: Stopping ProtocolHandler ["ajp-apr-8009"]
Mar 07, 2017 8:35:32 PM org.apache.coyote.AbstractProtocol destroy
INFO: Destroying ProtocolHandler ["http-apr-8123"]
Mar 07, 2017 8:35:32 PM org.apache.coyote.AbstractProtocol destroy
INFO: Destroying ProtocolHandler ["ajp-apr-8009"]
